{"Time":"[Fri, 5, Nov, 2019 15:7:20 GTM]","user":"[0]Administrator","message":"Server starting..","level":"info"}
{"Time":"[Fri, 5, Nov, 2019 15:8:40 GTM]","user":"[0]Administrator","message":"Server starting..","level":"info"}
{"Time":"[Fri, 5, Nov, 2019 15:8:56 GTM]","user":"[0]Administrator","message":"Server starting..","level":"info"}
{"Time":"[Fri, 5, Nov, 2019 15:54:32 GTM]","user":"[0]Administrator","message":"Server starting..","level":"info"}
{"Time":"[Fri, 5, Nov, 2019 15:54:46 GTM]","user":"[0]Administrator","message":"Server starting..","level":"info"}
{"Time":"[Fri, 5, Nov, 2019 15:55:15 GTM]","user":"[0]Administrator","message":"Server starting..","level":"info"}
{"Time":"[Fri, 5, Nov, 2019 15:56:1 GTM]","user":"[0]Administrator","message":"Server starting..","level":"info"}
{"Time":"[Fri, 5, Nov, 2019 15:56:59 GTM]","user":"[0]Administrator","message":"Server starting..","level":"info"}
{"Time":"[Fri, 5, Nov, 2019 15:57:3 GTM]","user":"[0]Administrator","message":"Server starting..","level":"info"}
{"Time":"[Fri, 5, Nov, 2019 15:57:51 GTM]","user":"[0]Administrator","message":"Server starting..","level":"info"}
{"Time":"[Fri, 5, Nov, 2019 15:57:59 GTM]","user":"[0]Administrator","message":"Server starting..","level":"info"}
{"Time":"[Fri, 5, Nov, 2019 15:58:6 GTM]","user":"[0]Administrator","message":"Server starting..","level":"info"}
{"Time":"[Fri, 5, Nov, 2019 15:58:12 GTM]","user":"[0]Administrator","message":"Server starting..","level":"info"}
{"Time":"[Fri, 5, Nov, 2019 15:58:17 GTM]","user":"[0]Administrator","message":"Server starting..","level":"info"}
{"Time":"[Fri, 5, Nov, 2019 15:58:22 GTM]","user":"[0]Administrator","message":"Server starting..","level":"info"}
{"Time":"[Fri, 5, Nov, 2019 15:58:29 GTM]","user":"[0]Administrator","message":"Server starting..","level":"info"}
{"Time":"[Fri, 5, Nov, 2019 15:58:52 GTM]","user":"[0]Administrator","message":"Server starting..","level":"info"}
{"Time":"[Fri, 5, Nov, 2019 15:59:3 GTM]","user":"[0]Administrator","message":"Server starting..","level":"info"}
{"Time":"[Fri, 5, Nov, 2019 15:59:18 GTM]","user":"[0]Administrator","message":"Server starting..","level":"info"}
{"Time":"[Fri, 5, Nov, 2019 15:59:28 GTM]","user":"[0]Administrator","message":"Server starting..","level":"info"}
{"Time":"[Fri, 5, Nov, 2019 15:59:52 GTM]","user":"[0]Administrator","message":"Server starting..","level":"info"}
{"Time":"[Fri, 5, Nov, 2019 16:0:37 GTM]","user":"[0]Administrator","message":"Server starting..","level":"info"}
{"Time":"[Fri, 5, Nov, 2019 16:1:28 GTM]","user":"[0]Administrator","message":"Server starting..","level":"info"}
{"Time":"[Fri, 5, Nov, 2019 16:2:3 GTM]","user":"[0]Administrator","message":"Server starting..","level":"info"}
{"Time":"[Fri, 5, Nov, 2019 16:2:30 GTM]","user":"[0]Administrator","message":"Server starting..","level":"info"}
{"Time":"[Fri, 5, Nov, 2019 16:7:24 GTM]","user":"[0]Administrator","message":"Server starting..","level":"info"}
{"Time":"[Fri, 5, Nov, 2019 16:8:17 GTM]","user":"[0]Administrator","message":"Server starting..","level":"info"}
{"Time":"[Fri, 5, Nov, 2019 16:11:47 GTM]","user":"[0]Administrator","message":"Server starting..","level":"info"}
{"Time":"[Fri, 5, Nov, 2019 16:12:34 GTM]","user":"[0]Administrator","message":"Server starting..","level":"info"}
{"Time":"[Fri, 5, Nov, 2019 16:13:35 GTM]","user":"[0]Administrator","message":"Server starting..","level":"info"}
{"Time":"[Fri, 5, Nov, 2019 16:13:58 GTM]","user":"[0]Administrator","message":"Server starting..","level":"info"}
{"Time":"[Fri, 5, Nov, 2019 16:14:32 GTM]","user":"[0]Administrator","message":"Server starting..","level":"info"}
{"Time":"[Fri, 5, Nov, 2019 16:16:17 GTM]","user":"[0]Administrator","message":"Server starting..","level":"info"}
{"Time":"[Fri, 5, Nov, 2019 16:16:30 GTM]","user":"[0]Administrator","message":"Server starting..","level":"info"}
{"Time":"[Tue, 2, Nov, 2019 22:29:6 GTM]","user":"[0]Administrator","message":"Server starting..","level":"info"}
{"Time":"[Thu, 4, Nov, 2019 16:9:1 GTM]","user":"[0]Administrator","message":"Server starting..","level":"info"}
{"Time":"[Thu, 4, Nov, 2019 16:9:12 GTM]","user":"[0]Administrator","message":"Server starting..","level":"info"}
{"Time":"[Thu, 4, Nov, 2019 16:9:21 GTM]","user":"[0]Administrator","message":"Server starting..","level":"info"}
{"Time":"[Thu, 4, Nov, 2019 19:53:28 GTM]","user":"[0]Administrator","message":"Server starting..","level":"info"}
{"Time":"[Thu, 4, Nov, 2019 19:55:21 GTM]","user":"[0]Administrator","message":"Server starting..","level":"info"}
{"Time":"[Thu, 4, Nov, 2019 20:9:58 GTM]","user":"[0]Administrator","message":"Server starting..","level":"info"}
{"Time":"[Thu, 4, Nov, 2019 20:10:27 GTM]","user":"[0]Administrator","message":"Server starting..","level":"info"}
{"Time":"[Thu, 4, Nov, 2019 23:21:13 GTM]","user":"[0]Administrator","message":"Server starting..","level":"info"}
{"Time":"[Thu, 4, Nov, 2019 23:48:42 GTM]","user":"[0]Administrator","message":"Server starting..","level":"info"}
{"Time":"[Sat, 6, Nov, 2019 13:17:13 GTM]","user":"[0]Administrator","message":"Server starting..","level":"info"}
{"Time":"[Sat, 6, Nov, 2019 13:30:53 GTM]","user":"[0]Administrator","message":"Server starting..","level":"info"}
{"Time":"[Sat, 6, Nov, 2019 13:40:55 GTM]","user":"[0]Administrator","message":"Server starting..","level":"info"}
{"Time":"[Sat, 6, Nov, 2019 13:43:59 GTM]","user":"[0]Administrator","message":"Server starting..","level":"info"}
{"Time":"[Thu, 4, Nov, 2019 10:3:57 GTM]","user":"[0]Administrator","message":"Server starting..","level":"info"}
{"Time":"[Mon, 1, Dec, 2019 13:22:1 GTM]","user":"[0]Administrator","message":"Server starting..","level":"info"}
{"Time":"[Tue, 2, Dec, 2019 16:45:47 GTM]","user":"[0]Administrator","message":"Server starting..","level":"info"}
{"Time":"[Thu, 4, Dec, 2019 10:21:29 GTM]","user":"[0]Administrator","message":"Server starting..","level":"info"}
{"Time":"[Thu, 4, Dec, 2019 10:21:53 GTM]","user":"[0]Administrator","message":"Server starting..","level":"info"}
{"Time":"[Fri, 5, Dec, 2019 23:57:55 GTM]","user":"[0]Administrator","message":"Server starting..","level":"info"}
{"Time":"[Sat, 6, Dec, 2019 0:1:15 GTM]","user":"[0]Administrator","message":"Server starting..","level":"info"}
{"Time":"[Sun, 0, Dec, 2019 18:10:51 GTM]","user":"[0]Administrator","message":"Server starting..","level":"info"}
{"Time":"[Sun, 0, Dec, 2019 18:11:11 GTM]","user":"[0]Administrator","message":"Server starting..","level":"info"}
{"Time":"[Fri, 5, Feb, 2020 16:53:11 GTM]","user":"[0]Administrator","message":"Server starting..","level":"info"}
{"Time":"[Fri, 5, Feb, 2020 16:55:46 GTM]","user":"[0]Administrator","message":"Server starting..","level":"info"}
{"Time":"[Fri, 5, Feb, 2020 17:0:35 GTM]","user":"[0]Administrator","message":"Server starting..","level":"info"}
{"Time":"[Fri, 5, Feb, 2020 17:3:49 GTM]","user":"[0]Administrator","message":"Server starting..","level":"info"}
{"Time":"[Fri, 5, Feb, 2020 17:4:21 GTM]","user":"[0]Administrator","message":"Server starting..","level":"info"}
{"Time":"[Fri, 5, Feb, 2020 17:5:34 GTM]","user":"[0]Administrator","message":"Server starting..","level":"info"}
{"Time":"[Fri, 5, Feb, 2020 17:5:53 GTM]","user":"[0]Administrator","message":"Server starting..","level":"info"}
{"Time":"[Fri, 5, Feb, 2020 17:7:21 GTM]","user":"[0]Administrator","message":"Server starting..","level":"info"}
{"Time":"[Fri, 5, Feb, 2020 17:8:0 GTM]","user":"[0]Administrator","message":"Server starting..","level":"info"}
{"Time":"[Fri, 5, Feb, 2020 17:8:7 GTM]","user":"[0]Administrator","message":"Server starting..","level":"info"}
{"Time":"[Fri, 5, Feb, 2020 17:8:23 GTM]","user":"[0]Administrator","message":"Server starting..","level":"info"}
{"Time":"[Fri, 5, Feb, 2020 17:8:55 GTM]","user":"[0]Administrator","message":"Server starting..","level":"info"}
{"Time":"[Fri, 5, Feb, 2020 17:9:59 GTM]","user":"[0]Administrator","message":"Server starting..","level":"info"}
{"Time":"[Fri, 5, Feb, 2020 17:11:14 GTM]","user":"[0]Administrator","message":"Server starting..","level":"info"}
{"Time":"[Fri, 5, Feb, 2020 17:11:49 GTM]","user":"[0]Administrator","message":"Server starting..","level":"info"}
{"Time":"[Fri, 5, Feb, 2020 17:12:6 GTM]","user":"[0]Administrator","message":"Server starting..","level":"info"}
{"Time":"[Fri, 5, Feb, 2020 17:12:20 GTM]","user":"[0]Administrator","message":"Server starting..","level":"info"}
{"Time":"[Fri, 5, Feb, 2020 17:12:40 GTM]","user":"[0]Administrator","message":"Server starting..","level":"info"}
{"Time":"[Fri, 5, Feb, 2020 17:12:48 GTM]","user":"[0]Administrator","message":"Server starting..","level":"info"}
{"Time":"[Fri, 5, Feb, 2020 17:13:31 GTM]","user":"[0]Administrator","message":"Server starting..","level":"info"}
{"Time":"[Fri, 5, Feb, 2020 17:16:34 GTM]","user":"[0]Administrator","message":"Server starting..","level":"info"}
{"Time":"[Fri, 5, Feb, 2020 17:16:39 GTM]","user":"[0]Administrator","message":"Server starting..","level":"info"}
{"Time":"[Fri, 5, Feb, 2020 17:17:13 GTM]","user":"[0]Administrator","message":"Server starting..","level":"info"}
{"Time":"[Fri, 5, Feb, 2020 17:17:31 GTM]","user":"[0]Administrator","message":"Server starting..","level":"info"}
{"Time":"[Fri, 5, Feb, 2020 17:17:46 GTM]","user":"[0]Administrator","message":"Server starting..","level":"info"}
{"Time":"[Fri, 5, Feb, 2020 17:18:27 GTM]","user":"[0]Administrator","message":"Server starting..","level":"info"}
{"Time":"[Fri, 5, Feb, 2020 17:20:23 GTM]","user":"[0]Administrator","message":"Server starting..","level":"info"}
{"Time":"[Thu, 4, Feb, 2020 0:3:26 GTM]","user":"[0]Administrator","message":"Server starting..","level":"info"}
{"Time":"[Thu, 4, Feb, 2020 13:57:59 GTM]","user":"[0]Administrator","message":"Server starting..","level":"info"}
